[debug] [2025-08-18T04:05:55.606Z] ----------------------------------------------------------------------
[debug] [2025-08-18T04:05:55.614Z] Command:       /nix/store/ws50yvm6vzlzf7jzz6n7xh4szddrack1-nodejs-20.19.1/bin/node /home/user/.global_modules/bin/firebase init
[debug] [2025-08-18T04:05:55.615Z] CLI Version:   14.12.0
[debug] [2025-08-18T04:05:55.615Z] Platform:      linux
[debug] [2025-08-18T04:05:55.616Z] Node Version:  v20.19.1
[debug] [2025-08-18T04:05:55.616Z] Time:          Mon Aug 18 2025 04:05:55 GMT+0000 (Coordinated Universal Time)
[debug] [2025-08-18T04:05:55.616Z] ----------------------------------------------------------------------
[debug] 
[debug] [2025-08-18T04:05:56.129Z] Checked if tokens are valid: false, expires at: 1754888779272
[debug] [2025-08-18T04:05:56.130Z] Checked if tokens are valid: false, expires at: 1754888779272
[debug] [2025-08-18T04:05:56.131Z] > refreshing access token with scopes: []
[debug] [2025-08-18T04:05:56.135Z] >>> [apiv2][query] POST https://www.googleapis.com/oauth2/v3/token [none]
[debug] [2025-08-18T04:05:56.136Z] >>> [apiv2][body] POST https://www.googleapis.com/oauth2/v3/token [omitted]
[debug] [2025-08-18T04:05:56.303Z] <<< [apiv2][status] POST https://www.googleapis.com/oauth2/v3/token 200
[debug] [2025-08-18T04:05:56.303Z] <<< [apiv2][body] POST https://www.googleapis.com/oauth2/v3/token [omitted]
[debug] [2025-08-18T04:05:56.321Z] >>> [apiv2][query] GET https://monospace-pa.googleapis.com/v1/workspaces/studio-4212233917 [none]
[debug] [2025-08-18T04:05:57.057Z] <<< [apiv2][status] GET https://monospace-pa.googleapis.com/v1/workspaces/studio-4212233917 200
[debug] [2025-08-18T04:05:57.057Z] <<< [apiv2][body] GET https://monospace-pa.googleapis.com/v1/workspaces/studio-4212233917 {"workspaceId":"studio-4212233917","name":"Partido Libertario","workspaceRedirectUrl":"firebase-studio-1749350605279.cluster-qhrn7lb3szcfcud6uanedbkjnm.cloudworkstations.dev","status":"WORKSPACE_STATUS_RUNNING","lastAccessDatetime":"2025-08-18T03:44:53.512314Z","workspaceTemplate":"WORKSPACE_TEMPLATE_CAPRA_BUILDER","owner":"SELF","serviceAccountEmail":"msp-2024439908217894763@monospace-3.iam.gserviceaccount.com","ownerEmail":"laliavwanda@gmail.com","workspaceImageUrl":"https://www.gstatic.com/monospace/250314/workspace-prototype-192.png","templateArgs":"{}","templateRepoUrl":"file:///usr/local/monospace/templates/private/_capra_next","workstationAccessToken":"eyJhbGciOiJSUzI1NiIsInR5cCI6IkpXVCJ9.eyJpc3MiOiJodHRwczovL2Nsb3VkLmdvb2dsZS5jb20vd29ya3N0YXRpb25zIiwiYXVkIjoiZmlyZWJhc2Utc3R1ZGlvLTE3NDkzNTA2MDUyNzkuY2x1c3Rlci1xaHJuN2xiM3N6Y2ZjdWQ2dWFuZWRia2pubS5jbG91ZHdvcmtzdGF0aW9ucy5kZXYiLCJpYXQiOjE3NTU0ODk5NTYsImV4cCI6MTc1NTU3NjM1Nn0.keE1MqJuXtxJkVKsKJTl6kdYyzwLHGQS91dmnQIKDKa684XMuAwsfra0FhwVlCdO7WwGopO4UD0iRzT1jhcUUUe_28-pqo_Nf6nE6xQbOW56kfjuxxHvbpb91Yeg3xOHQY4lTQKfjaLlI-BWZLTmPuyFTezI6Yq17p0SxAj7G7fcy0RrXJ5GB6r4Qvxc1ABrebSHmFfn9DHH0RjPt14Sbb06XqDNgmgtepMWVLy1UDHmYUNbtauSzqyYzSKGB12ZARELnOwPXajPEoswJAIdTjbUyOkOYpejUsKV_SjJbGpMp0LStNtquyG0fWXAMwRAga8wIFgwgl1yaI2SC5EURg","firebaseProjectId":"libre"}
[debug] [2025-08-18T04:05:57.061Z] > command requires scopes: ["email","openid","https://www.googleapis.com/auth/cloudplatformprojects.readonly","https://www.googleapis.com/auth/firebase","https://www.googleapis.com/auth/cloud-platform","https://www.googleapis.com/auth/userinfo.email"]
[debug] [2025-08-18T04:05:57.062Z] > authorizing via signed-in user (laliavwanda@gmail.com)
[info] 
     ######## #### ########  ######## ########     ###     ######  ########
     ##        ##  ##     ## ##       ##     ##  ##   ##  ##       ##
     ######    ##  ########  ######   ########  #########  ######  ######
     ##        ##  ##    ##  ##       ##     ## ##     ##       ## ##
     ##       #### ##     ## ######## ########  ##     ##  ######  ########

You're about to initialize a Firebase project in this directory:

  /home/user/studio

Before we get started, keep in mind:

  * You are initializing within an existing Firebase project directory

