[debug] [2025-08-11T02:22:57.724Z] ----------------------------------------------------------------------
[debug] [2025-08-11T02:22:57.728Z] Command:       /nix/store/ws50yvm6vzlzf7jzz6n7xh4szddrack1-nodejs-20.19.1/bin/node /home/user/.global_modules/bin/firebase deploy
[debug] [2025-08-11T02:22:57.729Z] CLI Version:   14.12.0
[debug] [2025-08-11T02:22:57.729Z] Platform:      linux
[debug] [2025-08-11T02:22:57.729Z] Node Version:  v20.19.1
[debug] [2025-08-11T02:22:57.729Z] Time:          Mon Aug 11 2025 02:22:57 GMT+0000 (Coordinated Universal Time)
[debug] [2025-08-11T02:22:57.730Z] ----------------------------------------------------------------------
[debug] 
[debug] [2025-08-11T02:22:58.209Z] Checked if tokens are valid: true, expires at: 1754881926771
[debug] [2025-08-11T02:22:58.209Z] Checked if tokens are valid: true, expires at: 1754881926771
[debug] [2025-08-11T02:22:58.213Z] >>> [apiv2][query] GET https://monospace-pa.googleapis.com/v1/workspaces/studio-4212233917 [none]
[debug] [2025-08-11T02:22:58.981Z] <<< [apiv2][status] GET https://monospace-pa.googleapis.com/v1/workspaces/studio-4212233917 200
[debug] [2025-08-11T02:22:58.981Z] <<< [apiv2][body] GET https://monospace-pa.googleapis.com/v1/workspaces/studio-4212233917 {"workspaceId":"studio-4212233917","name":"Partido Libertario","workspaceRedirectUrl":"firebase-studio-1749350605279.cluster-qhrn7lb3szcfcud6uanedbkjnm.cloudworkstations.dev","status":"WORKSPACE_STATUS_RUNNING","lastAccessDatetime":"2025-08-11T01:47:32.051936Z","workspaceTemplate":"WORKSPACE_TEMPLATE_CAPRA_BUILDER","owner":"SELF","serviceAccountEmail":"msp-2024439908217894763@monospace-3.iam.gserviceaccount.com","ownerEmail":"laliavwanda@gmail.com","workspaceImageUrl":"https://www.gstatic.com/monospace/250314/workspace-prototype-192.png","templateArgs":"{}","templateRepoUrl":"file:///usr/local/monospace/templates/private/_capra_next","workstationAccessToken":"eyJhbGciOiJSUzI1NiIsInR5cCI6IkpXVCJ9.eyJpc3MiOiJodHRwczovL2Nsb3VkLmdvb2dsZS5jb20vd29ya3N0YXRpb25zIiwiYXVkIjoiZmlyZWJhc2Utc3R1ZGlvLTE3NDkzNTA2MDUyNzkuY2x1c3Rlci1xaHJuN2xiM3N6Y2ZjdWQ2dWFuZWRia2pubS5jbG91ZHdvcmtzdGF0aW9ucy5kZXYiLCJpYXQiOjE3NTQ4Nzg5NzgsImV4cCI6MTc1NDk2NTM3OH0.tCLnQc40sbdn0laIJxo4x6ieeRgW99p9JNpVfjuRfrgBfbdvY6iHKMUQFXsJ80S1Pdfqs0VAuGJMekE8S8xb9GXvmypRnXqb56hSgaeRyPq6mvZTIWVuep1d4AyXkOFXF-DEiA2_1LgcB6zvm1ZwSpKDfKjI4zKGKreNKRBCTNeoYgC6x-t_DMDZs-sL02nq1v4EYJTSt5uvidZnJXU7CmXtNeG6imNcXvZsRhHNImoluCGaIeoy4CuRX8P4zw1EMqS-hsHvlTiGLnJSCBqAsYe3U7T0A17sBmow0__wCBL7ZX5UdHVvT3wEAzzV6kgBBIx3nrZEaxGBjSMEVAqmxA","firebaseProjectId":"libre"}
[debug] [2025-08-11T02:22:58.984Z] > command requires scopes: ["email","openid","https://www.googleapis.com/auth/cloudplatformprojects.readonly","https://www.googleapis.com/auth/firebase","https://www.googleapis.com/auth/cloud-platform","https://www.googleapis.com/auth/userinfo.email"]
[debug] [2025-08-11T02:22:58.984Z] > authorizing via signed-in user (laliavwanda@gmail.com)
[debug] [2025-08-11T02:22:58.985Z] [iam] checking project partido-libertario-mns for permissions ["datastore.indexes.create","datastore.indexes.delete","datastore.indexes.list","datastore.indexes.update","firebase.projects.get","firebasehosting.sites.update"]
[debug] [2025-08-11T02:22:58.986Z] Checked if tokens are valid: true, expires at: 1754881926771
[debug] [2025-08-11T02:22:58.986Z] Checked if tokens are valid: true, expires at: 1754881926771
[debug] [2025-08-11T02:22:58.987Z] >>> [apiv2][query] POST https://cloudresourcemanager.googleapis.com/v1/projects/partido-libertario-mns:testIamPermissions [none]
[debug] [2025-08-11T02:22:58.987Z] >>> [apiv2][(partial)header] POST https://cloudresourcemanager.googleapis.com/v1/projects/partido-libertario-mns:testIamPermissions x-goog-quota-user=projects/partido-libertario-mns
[debug] [2025-08-11T02:22:58.987Z] >>> [apiv2][body] POST https://cloudresourcemanager.googleapis.com/v1/projects/partido-libertario-mns:testIamPermissions {"permissions":["datastore.indexes.create","datastore.indexes.delete","datastore.indexes.list","datastore.indexes.update","firebase.projects.get","firebasehosting.sites.update"]}
[debug] [2025-08-11T02:22:59.180Z] <<< [apiv2][status] POST https://cloudresourcemanager.googleapis.com/v1/projects/partido-libertario-mns:testIamPermissions 200
[debug] [2025-08-11T02:22:59.180Z] <<< [apiv2][body] POST https://cloudresourcemanager.googleapis.com/v1/projects/partido-libertario-mns:testIamPermissions {"permissions":["datastore.indexes.create","datastore.indexes.delete","datastore.indexes.list","datastore.indexes.update","firebase.projects.get","firebasehosting.sites.update"]}
[debug] [2025-08-11T02:22:59.181Z] Checked if tokens are valid: true, expires at: 1754881926771
[debug] [2025-08-11T02:22:59.182Z] Checked if tokens are valid: true, expires at: 1754881926771
[debug] [2025-08-11T02:22:59.182Z] >>> [apiv2][query] GET https://firebase.googleapis.com/v1beta1/projects/partido-libertario-mns [none]
[debug] [2025-08-11T02:22:59.469Z] <<< [apiv2][status] GET https://firebase.googleapis.com/v1beta1/projects/partido-libertario-mns 200
[debug] [2025-08-11T02:22:59.469Z] <<< [apiv2][body] GET https://firebase.googleapis.com/v1beta1/projects/partido-libertario-mns {"projectId":"partido-libertario-mns","projectNumber":"809017196972","displayName":"Partido Libertario Misiones","name":"projects/partido-libertario-mns","resources":{"hostingSite":"partido-libertario-mns"},"state":"ACTIVE","etag":"1_1058b8a2-dd35-45a9-a5cb-8dcb7df0ab75"}
[debug] [2025-08-11T02:23:04.516Z] defaultcredentials: writing to file /home/user/.config/firebase/laliavwanda_gmail_com_application_default_credentials.json
[debug] [2025-08-11T02:23:04.531Z] Checked if tokens are valid: true, expires at: 1754881926771
[debug] [2025-08-11T02:23:04.533Z] Checked if tokens are valid: true, expires at: 1754881926771
[debug] [2025-08-11T02:23:04.538Z] >>> [apiv2][query] GET https://firebasehosting.googleapis.com/v1beta1/projects/partido-libertario-mns/sites pageToken=&pageSize=10
[debug] [2025-08-11T02:23:05.444Z] <<< [apiv2][status] GET https://firebasehosting.googleapis.com/v1beta1/projects/partido-libertario-mns/sites 200
[debug] [2025-08-11T02:23:05.444Z] <<< [apiv2][body] GET https://firebasehosting.googleapis.com/v1beta1/projects/partido-libertario-mns/sites {"sites":[{"name":"projects/partido-libertario-mns/sites/partido-libertario-mns","defaultUrl":"https://partido-libertario-mns.web.app","appId":"1:809017196972:web:879b78158c444f9eb8fa09","type":"DEFAULT_SITE"}]}
[debug] [2025-08-11T02:23:05.445Z] Checked if tokens are valid: true, expires at: 1754881926771
[debug] [2025-08-11T02:23:05.445Z] Checked if tokens are valid: true, expires at: 1754881926771
[debug] [2025-08-11T02:23:05.446Z] >>> [apiv2][query] GET https://firebase.googleapis.com/v1beta1/projects/-/webApps/1:809017196972:web:879b78158c444f9eb8fa09/config [none]
[debug] [2025-08-11T02:23:06.220Z] <<< [apiv2][status] GET https://firebase.googleapis.com/v1beta1/projects/-/webApps/1:809017196972:web:879b78158c444f9eb8fa09/config 200
[debug] [2025-08-11T02:23:06.221Z] <<< [apiv2][body] GET https://firebase.googleapis.com/v1beta1/projects/-/webApps/1:809017196972:web:879b78158c444f9eb8fa09/config {"projectId":"partido-libertario-mns","appId":"1:809017196972:web:879b78158c444f9eb8fa09","storageBucket":"partido-libertario-mns.firebasestorage.app","apiKey":"AIzaSyCNW3RMysrp4kOnQBuy05YNGQFQotZcc9w","authDomain":"partido-libertario-mns.firebaseapp.com","messagingSenderId":"809017196972","measurementId":"G-B2ENRGH1GB"}
[info] 
   Thank you for trying our early preview of Next.js support on Firebase Hosting.
   During the preview, support is best-effort and breaking changes can be expected. Proceed with caution.
   The integration is known to work with Next.js version 12 - 15.0. You may encounter errors.

   Documentation: https://firebase.google.com/docs/hosting/frameworks/nextjs
   File a bug: https://github.com/firebase/firebase-tools/issues/new?template=bug_report.md
   Submit a feature request: https://github.com/firebase/firebase-tools/issues/new?template=feature_request.md

   We'd love to learn from you. Express your interest in helping us shape the future of Firebase Hosting: https://goo.gle/41enW5X

[debug] [2025-08-11T02:23:15.030Z] Checked if tokens are valid: true, expires at: 1754881926771
[debug] [2025-08-11T02:23:15.030Z] Checked if tokens are valid: true, expires at: 1754881926771
[debug] [2025-08-11T02:23:15.032Z] >>> [apiv2][query] GET https://firebasehosting.googleapis.com/v1beta1/projects/partido-libertario-mns/sites/partido-libertario-mns [none]
[debug] [2025-08-11T02:23:15.834Z] <<< [apiv2][status] GET https://firebasehosting.googleapis.com/v1beta1/projects/partido-libertario-mns/sites/partido-libertario-mns 200
[debug] [2025-08-11T02:23:15.834Z] <<< [apiv2][body] GET https://firebasehosting.googleapis.com/v1beta1/projects/partido-libertario-mns/sites/partido-libertario-mns {"name":"projects/partido-libertario-mns/sites/partido-libertario-mns","defaultUrl":"https://partido-libertario-mns.web.app","appId":"1:809017196972:web:879b78158c444f9eb8fa09","type":"DEFAULT_SITE"}
[info]    ▲ Next.js 15.3.3

[info]    - Environments: .env.local, .env

[info] 

[info]    Creating an optimized production build ...

[info]  ⚠ Compiled with warnings in 63s


[info] ./src/app/afiliacion/AfiliacionForm.tsx
Attempted import error: 'buildZodSchema' is not exported from '@/lib/form-service' (imported as 'buildZodSchema').

Import trace for requested module:
./src/app/afiliacion/AfiliacionForm.tsx

./src/components/FiscalizacionForm.tsx
Attempted import error: 'buildZodSchema' is not exported from '@/lib/form-service' (imported as 'buildZodSchema').

Import trace for requested module:
./src/components/FiscalizacionForm.tsx

./node_modules/handlebars/lib/index.js
require.extensions is not supported by webpack. Use a loader instead.

Import trace for requested module:
./node_modules/handlebars/lib/index.js
./node_modules/dotprompt/dist/index.js
./node_modules/@genkit-ai/core/lib/registry.js
./node_modules/genkit/lib/registry.js
./node_modules/genkit/lib/genkit.js
./node_modules/genkit/lib/index.mjs
./src/ai/flows/analyze-image-flow.ts

./node_modules/handlebars/lib/index.js
require.extensions is not supported by webpack. Use a loader instead.

Import trace for requested module:
./node_modules/handlebars/lib/index.js
./node_modules/dotprompt/dist/index.js
./node_modules/@genkit-ai/core/lib/registry.js
./node_modules/genkit/lib/registry.js
./node_modules/genkit/lib/genkit.js
./node_modules/genkit/lib/index.mjs
./src/ai/flows/analyze-image-flow.ts

./node_modules/handlebars/lib/index.js
require.extensions is not supported by webpack. Use a loader instead.

Import trace for requested module:
./node_modules/handlebars/lib/index.js
./node_modules/dotprompt/dist/index.js
./node_modules/@genkit-ai/core/lib/registry.js
./node_modules/genkit/lib/registry.js
./node_modules/genkit/lib/genkit.js
./node_modules/genkit/lib/index.mjs
./src/ai/flows/analyze-image-flow.ts

./src/app/admin/manage-forms/actions.ts
Attempted import error: 'FormFieldSchema' is not exported from '@/lib/afiliacion-service' (imported as 'FormFieldSchema').

Import trace for requested module:
./src/app/admin/manage-forms/actions.ts

./src/app/admin/manage-forms/actions.ts
Attempted import error: 'saveFormDefinition' is not exported from '@/lib/afiliacion-service' (imported as 'saveFormDefinition').

Import trace for requested module:
./src/app/admin/manage-forms/actions.ts

./src/app/admin/manage-forms/actions.ts
Attempted import error: 'getFormDefinition' is not exported from '@/lib/afiliacion-service' (imported as 'getFormDefinition').

Import trace for requested module:
./src/app/admin/manage-forms/actions.ts


[info]  ⚠ Compiled with warnings in 31.0s


[info] ./src/app/afiliacion/AfiliacionForm.tsx
Attempted import error: 'buildZodSchema' is not exported from '@/lib/form-service' (imported as 'buildZodSchema').

Import trace for requested module:
./src/app/afiliacion/AfiliacionForm.tsx

./src/components/FiscalizacionForm.tsx
Attempted import error: 'buildZodSchema' is not exported from '@/lib/form-service' (imported as 'buildZodSchema').

Import trace for requested module:
./src/components/FiscalizacionForm.tsx


[info]  ✓ Compiled successfully in 94s

[info]    Skipping validation of types
   Skipping linting

[info]    Collecting page data ...

[info] Firebase Admin: FIREBASE_SERVICE_ACCOUNT_KEY no está configurada. El SDK de administrador no se inicializará. Se usarán los datos locales como respaldo.

[info] [Error: Failed to collect configuration for /afiliacion] {
  [cause]: Error: A "use server" file can only export async functions, found object.
  Read more: https://nextjs.org/docs/messages/invalid-use-server-value
      at n (.next/server/chunks/67918.js:11:104633)
      at <unknown> (.next/server/chunks/60062.js:1:19347)
      at t.a (.next/server/webpack-runtime.js:1:924)
      at 93967 (.next/server/chunks/60062.js:1:14778)
      at t (.next/server/webpack-runtime.js:1:143)
      at <unknown> (.next/server/app/afiliacion/page.js:1:6078)
      at t.a (.next/server/webpack-runtime.js:1:924)
      at 81014 (.next/server/app/afiliacion/page.js:1:5991)
      at t (.next/server/webpack-runtime.js:1:143)
      at <unknown> (.next/server/app/afiliacion/page.js:1:10218)
}

[info] 
> Build error occurred

[info] [Error: Failed to collect page data for /afiliacion] { type: 'Error' }

[debug] [2025-08-11T02:25:18.110Z] Error: ENOENT: no such file or directory, open '/home/user/studio/.next/export-marker.json'
[error] 
[error] Error: An unexpected error has occurred.
